--------------------------------------------------------------------------------
client to server (Docker NAT), started at Tue May 11 11:19:49 EDT 2021
11224.6571 MB /  10.00 sec = 9413.0924 Mbps 11 %TX 20 %RX 0 retrans 0.13 msRTT
# started on Tue May 11 11:19:49 2021


 Performance counter stats for 'system wide':

     759960.222230      cpu-clock (msec)          #   63.987 CPUs utilized          
            33,908      context-switches          #    0.045 K/sec                  
               356      cpu-migrations            #    0.000 K/sec                  
            56,225      page-faults               #    0.074 K/sec                  
    16,772,836,350      cycles                    #    0.022 GHz                    
    10,149,327,208      instructions              #    0.61  insn per cycle         
     1,944,270,123      branches                  #    2.558 M/sec                  
        42,269,917      branch-misses             #    2.17% of all branches        

      11.876778174 seconds time elapsed


--------------------------------------------------------------------------------
server to client (Docker NAT), started at Tue May 11 11:20:01 EDT 2021
11224.7229 MB /  10.05 sec = 9372.1353 Mbps 12 %TX 19 %RX 0 retrans 0.16 msRTT

--------------------------------------------------------------------------------
client to server (Docker NAT), started at Tue May 11 11:20:13 EDT 2021
11225.6330 MB /  10.00 sec = 9413.9155 Mbps 11 %TX 19 %RX 0 retrans 0.12 msRTT
# started on Tue May 11 11:20:13 2021


 Performance counter stats for 'system wide':

     756517.502480      cpu-clock (msec)          #   63.987 CPUs utilized          
            33,523      context-switches          #    0.044 K/sec                  
               322      cpu-migrations            #    0.000 K/sec                  
            56,094      page-faults               #    0.074 K/sec                  
    11,142,080,247      cycles                    #    0.015 GHz                    
    10,014,402,486      instructions              #    0.90  insn per cycle         
     1,915,609,520      branches                  #    2.532 M/sec                  
        42,273,745      branch-misses             #    2.21% of all branches        

      11.822959345 seconds time elapsed


--------------------------------------------------------------------------------
server to client (Docker NAT), started at Tue May 11 11:20:25 EDT 2021
11224.5625 MB /  10.00 sec = 9413.0169 Mbps 15 %TX 19 %RX 0 retrans 0.20 msRTT

--------------------------------------------------------------------------------
client to server (Docker NAT), started at Tue May 11 11:20:37 EDT 2021
11225.1571 MB /  10.00 sec = 9413.3377 Mbps 13 %TX 32 %RX 0 retrans 0.21 msRTT
# started on Tue May 11 11:20:37 2021


 Performance counter stats for 'system wide':

     758958.736074      cpu-clock (msec)          #   63.988 CPUs utilized          
            32,600      context-switches          #    0.043 K/sec                  
               315      cpu-migrations            #    0.000 K/sec                  
            55,758      page-faults               #    0.073 K/sec                  
    11,161,585,276      cycles                    #    0.015 GHz                    
     9,908,635,693      instructions              #    0.89  insn per cycle         
     1,894,980,027      branches                  #    2.497 M/sec                  
        41,349,743      branch-misses             #    2.18% of all branches        

      11.860948200 seconds time elapsed


--------------------------------------------------------------------------------
server to client (Docker NAT), started at Tue May 11 11:20:49 EDT 2021
11225.7823 MB /  10.00 sec = 9413.9918 Mbps 15 %TX 19 %RX 0 retrans 0.14 msRTT

--------------------------------------------------------------------------------
client to server (Docker NAT), started at Tue May 11 11:21:01 EDT 2021
11225.0008 MB /  10.00 sec = 9412.4190 Mbps 12 %TX 19 %RX 0 retrans 0.13 msRTT
# started on Tue May 11 11:21:01 2021


 Performance counter stats for 'system wide':

     758988.051149      cpu-clock (msec)          #   63.988 CPUs utilized          
            34,068      context-switches          #    0.045 K/sec                  
               365      cpu-migrations            #    0.000 K/sec                  
            55,703      page-faults               #    0.073 K/sec                  
    11,138,766,977      cycles                    #    0.015 GHz                    
    10,112,864,159      instructions              #    0.91  insn per cycle         
     1,937,315,584      branches                  #    2.552 M/sec                  
        42,381,380      branch-misses             #    2.19% of all branches        

      11.861441364 seconds time elapsed


--------------------------------------------------------------------------------
server to client (Docker NAT), started at Tue May 11 11:21:13 EDT 2021
11225.6446 MB /  10.00 sec = 9413.6091 Mbps 15 %TX 32 %RX 0 retrans 0.10 msRTT

--------------------------------------------------------------------------------
client to server (Docker NAT), started at Tue May 11 11:21:25 EDT 2021
11224.3125 MB /  10.00 sec = 9412.7451 Mbps 12 %TX 20 %RX 0 retrans 0.15 msRTT
# started on Tue May 11 11:21:26 2021


 Performance counter stats for 'system wide':

     760117.794432      cpu-clock (msec)          #   63.988 CPUs utilized          
            33,135      context-switches          #    0.044 K/sec                  
               330      cpu-migrations            #    0.000 K/sec                  
            55,804      page-faults               #    0.073 K/sec                  
    11,067,602,614      cycles                    #    0.015 GHz                    
    10,067,103,829      instructions              #    0.91  insn per cycle         
     1,926,781,885      branches                  #    2.535 M/sec                  
        41,515,786      branch-misses             #    2.15% of all branches        

      11.879036636 seconds time elapsed


--------------------------------------------------------------------------------
server to client (Docker NAT), started at Tue May 11 11:21:37 EDT 2021
11224.9561 MB /  10.00 sec = 9412.2131 Mbps 13 %TX 20 %RX 0 retrans 0.21 msRTT

--------------------------------------------------------------------------------
client to server (Docker NAT), started at Tue May 11 11:21:49 EDT 2021
11223.5285 MB /  10.00 sec = 9411.9126 Mbps 13 %TX 20 %RX 0 retrans 0.14 msRTT
# started on Tue May 11 11:21:50 2021


 Performance counter stats for 'system wide':

     754655.033216      cpu-clock (msec)          #   63.988 CPUs utilized          
            33,513      context-switches          #    0.044 K/sec                  
               348      cpu-migrations            #    0.000 K/sec                  
            55,668      page-faults               #    0.074 K/sec                  
    11,283,516,334      cycles                    #    0.015 GHz                    
    10,183,387,598      instructions              #    0.90  insn per cycle         
     1,955,843,551      branches                  #    2.592 M/sec                  
        41,821,355      branch-misses             #    2.14% of all branches        

      11.793691921 seconds time elapsed


--------------------------------------------------------------------------------
server to client (Docker NAT), started at Tue May 11 11:22:01 EDT 2021
11222.6258 MB /  10.00 sec = 9410.3081 Mbps 15 %TX 32 %RX 0 retrans 0.14 msRTT

--------------------------------------------------------------------------------
client to server (Docker NAT), started at Tue May 11 11:22:13 EDT 2021
11225.2525 MB /  10.00 sec = 9413.4054 Mbps 15 %TX 19 %RX 0 retrans 0.11 msRTT
# started on Tue May 11 11:22:14 2021


 Performance counter stats for 'system wide':

     751610.890367      cpu-clock (msec)          #   63.987 CPUs utilized          
            33,159      context-switches          #    0.044 K/sec                  
               342      cpu-migrations            #    0.000 K/sec                  
            55,932      page-faults               #    0.074 K/sec                  
    11,247,411,457      cycles                    #    0.015 GHz                    
    10,004,404,622      instructions              #    0.89  insn per cycle         
     1,912,814,768      branches                  #    2.545 M/sec                  
        42,172,369      branch-misses             #    2.20% of all branches        

      11.746227104 seconds time elapsed


--------------------------------------------------------------------------------
server to client (Docker NAT), started at Tue May 11 11:22:25 EDT 2021
11226.2200 MB /  10.00 sec = 9413.2259 Mbps 15 %TX 32 %RX 0 retrans 0.14 msRTT

--------------------------------------------------------------------------------
client to server (Docker NAT), started at Tue May 11 11:22:37 EDT 2021
11225.3598 MB /  10.00 sec = 9413.6102 Mbps 14 %TX 20 %RX 0 retrans 0.14 msRTT
# started on Tue May 11 11:22:38 2021


 Performance counter stats for 'system wide':

     757663.866727      cpu-clock (msec)          #   63.988 CPUs utilized          
            33,249      context-switches          #    0.044 K/sec                  
               304      cpu-migrations            #    0.000 K/sec                  
            55,912      page-faults               #    0.074 K/sec                  
    11,241,286,453      cycles                    #    0.015 GHz                    
    10,080,592,344      instructions              #    0.90  insn per cycle         
     1,928,890,082      branches                  #    2.546 M/sec                  
        42,499,382      branch-misses             #    2.20% of all branches        

      11.840736335 seconds time elapsed


--------------------------------------------------------------------------------
server to client (Docker NAT), started at Tue May 11 11:22:49 EDT 2021
11225.4375 MB /  10.00 sec = 9413.5323 Mbps 16 %TX 32 %RX 0 retrans 0.17 msRTT

--------------------------------------------------------------------------------
client to server (Docker NAT), started at Tue May 11 11:23:01 EDT 2021
11226.1242 MB /  10.00 sec = 9414.1194 Mbps 15 %TX 32 %RX 0 retrans 0.18 msRTT
# started on Tue May 11 11:23:02 2021


 Performance counter stats for 'system wide':

     754116.924323      cpu-clock (msec)          #   63.988 CPUs utilized          
            32,404      context-switches          #    0.043 K/sec                  
               291      cpu-migrations            #    0.000 K/sec                  
            55,769      page-faults               #    0.074 K/sec                  
    11,251,045,380      cycles                    #    0.015 GHz                    
     9,915,362,780      instructions              #    0.88  insn per cycle         
     1,895,652,178      branches                  #    2.514 M/sec                  
        41,768,961      branch-misses             #    2.20% of all branches        

      11.785206425 seconds time elapsed


--------------------------------------------------------------------------------
server to client (Docker NAT), started at Tue May 11 11:23:13 EDT 2021
11225.4375 MB /  10.00 sec = 9413.6857 Mbps 14 %TX 31 %RX 0 retrans 0.18 msRTT

--------------------------------------------------------------------------------
client to server (Docker NAT), started at Tue May 11 11:23:25 EDT 2021
11225.4202 MB /  10.00 sec = 9413.6081 Mbps 15 %TX 32 %RX 0 retrans 0.12 msRTT
# started on Tue May 11 11:23:26 2021


 Performance counter stats for 'system wide':

     758087.468912      cpu-clock (msec)          #   63.980 CPUs utilized          
            33,898      context-switches          #    0.045 K/sec                  
               341      cpu-migrations            #    0.000 K/sec                  
            55,943      page-faults               #    0.074 K/sec                  
    11,206,506,315      cycles                    #    0.015 GHz                    
     9,970,957,510      instructions              #    0.89  insn per cycle         
     1,906,250,884      branches                  #    2.515 M/sec                  
        42,276,344      branch-misses             #    2.22% of all branches        

      11.848757600 seconds time elapsed


--------------------------------------------------------------------------------
server to client (Docker NAT), started at Tue May 11 11:23:38 EDT 2021
11226.0862 MB /  10.00 sec = 9413.0751 Mbps 14 %TX 32 %RX 0 retrans 0.19 msRTT

--------------------------------------------------------------------------------
client to server (Docker NAT), started at Tue May 11 11:23:49 EDT 2021
11225.9743 MB /  10.00 sec = 9413.9458 Mbps 15 %TX 19 %RX 0 retrans 0.14 msRTT
# started on Tue May 11 11:23:50 2021


 Performance counter stats for 'system wide':

     752623.281032      cpu-clock (msec)          #   63.988 CPUs utilized          
            32,219      context-switches          #    0.043 K/sec                  
               307      cpu-migrations            #    0.000 K/sec                  
            56,252      page-faults               #    0.075 K/sec                  
    11,293,070,026      cycles                    #    0.015 GHz                    
    10,017,580,218      instructions              #    0.89  insn per cycle         
     1,915,637,708      branches                  #    2.545 M/sec                  
        42,446,685      branch-misses             #    2.22% of all branches        

      11.761882542 seconds time elapsed


--------------------------------------------------------------------------------
server to client (Docker NAT), started at Tue May 11 11:24:02 EDT 2021
11223.4375 MB /  10.00 sec = 9411.8222 Mbps 13 %TX 19 %RX 0 retrans 0.20 msRTT

--------------------------------------------------------------------------------
client to server (Docker NAT), started at Tue May 11 11:24:13 EDT 2021
11225.1247 MB /  10.00 sec = 9413.3537 Mbps 13 %TX 20 %RX 0 retrans 0.11 msRTT
# started on Tue May 11 11:24:14 2021


 Performance counter stats for 'system wide':

     756450.681597      cpu-clock (msec)          #   63.988 CPUs utilized          
            33,061      context-switches          #    0.044 K/sec                  
               331      cpu-migrations            #    0.000 K/sec                  
            56,258      page-faults               #    0.074 K/sec                  
    11,136,570,074      cycles                    #    0.015 GHz                    
     9,976,023,974      instructions              #    0.90  insn per cycle         
     1,907,781,991      branches                  #    2.522 M/sec                  
        42,195,148      branch-misses             #    2.21% of all branches        

      11.821686468 seconds time elapsed


--------------------------------------------------------------------------------
server to client (Docker NAT), started at Tue May 11 11:24:26 EDT 2021
11225.3402 MB /  10.00 sec = 9413.6729 Mbps 14 %TX 19 %RX 0 retrans 0.13 msRTT

--------------------------------------------------------------------------------
client to server (Docker NAT), started at Tue May 11 11:24:38 EDT 2021
11226.1268 MB /  10.00 sec = 9413.1006 Mbps 13 %TX 32 %RX 0 retrans 0.16 msRTT
# started on Tue May 11 11:24:38 2021


 Performance counter stats for 'system wide':

     751959.285682      cpu-clock (msec)          #   63.982 CPUs utilized          
            33,186      context-switches          #    0.044 K/sec                  
               321      cpu-migrations            #    0.000 K/sec                  
            55,849      page-faults               #    0.074 K/sec                  
    11,338,766,702      cycles                    #    0.015 GHz                    
    10,031,100,407      instructions              #    0.88  insn per cycle         
     1,921,206,412      branches                  #    2.555 M/sec                  
        42,329,032      branch-misses             #    2.20% of all branches        

      11.752727883 seconds time elapsed


--------------------------------------------------------------------------------
server to client (Docker NAT), started at Tue May 11 11:24:50 EDT 2021
11225.0000 MB /  10.00 sec = 9413.1814 Mbps 14 %TX 19 %RX 0 retrans 0.12 msRTT

--------------------------------------------------------------------------------
client to server (Docker NAT), started at Tue May 11 11:25:02 EDT 2021
11225.7500 MB /  10.00 sec = 9412.9240 Mbps 15 %TX 20 %RX 0 retrans 0.14 msRTT
# started on Tue May 11 11:25:02 2021


 Performance counter stats for 'system wide':

     758020.779939      cpu-clock (msec)          #   63.980 CPUs utilized          
            32,976      context-switches          #    0.044 K/sec                  
               352      cpu-migrations            #    0.000 K/sec                  
            55,973      page-faults               #    0.074 K/sec                  
    12,801,004,593      cycles                    #    0.017 GHz                    
    10,064,986,839      instructions              #    0.79  insn per cycle         
     1,925,628,606      branches                  #    2.540 M/sec                  
        42,118,017      branch-misses             #    2.19% of all branches        

      11.847712309 seconds time elapsed


--------------------------------------------------------------------------------
server to client (Docker NAT), started at Tue May 11 11:25:14 EDT 2021
11224.4375 MB /  10.00 sec = 9412.8358 Mbps 13 %TX 32 %RX 0 retrans 0.15 msRTT

--------------------------------------------------------------------------------
client to server (Docker NAT), started at Tue May 11 11:25:26 EDT 2021
11224.3859 MB /  10.00 sec = 9412.7925 Mbps 14 %TX 20 %RX 0 retrans 0.14 msRTT
# started on Tue May 11 11:25:26 2021


 Performance counter stats for 'system wide':

     766906.472859      cpu-clock (msec)          #   63.988 CPUs utilized          
            33,743      context-switches          #    0.044 K/sec                  
               363      cpu-migrations            #    0.000 K/sec                  
            55,526      page-faults               #    0.072 K/sec                  
    11,530,375,391      cycles                    #    0.015 GHz                    
    10,120,318,855      instructions              #    0.88  insn per cycle         
     1,938,379,763      branches                  #    2.528 M/sec                  
        42,804,783      branch-misses             #    2.21% of all branches        

      11.985100824 seconds time elapsed


--------------------------------------------------------------------------------
server to client (Docker NAT), started at Tue May 11 11:25:38 EDT 2021
11225.0457 MB /  10.00 sec = 9413.4550 Mbps 12 %TX 19 %RX 0 retrans 0.14 msRTT

--------------------------------------------------------------------------------
client to server (Docker NAT), started at Tue May 11 11:25:50 EDT 2021
11223.9825 MB /  10.00 sec = 9412.5333 Mbps 14 %TX 20 %RX 0 retrans 0.16 msRTT
# started on Tue May 11 11:25:50 2021


 Performance counter stats for 'system wide':

     753026.308632      cpu-clock (msec)          #   63.982 CPUs utilized          
            32,943      context-switches          #    0.044 K/sec                  
               299      cpu-migrations            #    0.000 K/sec                  
            55,983      page-faults               #    0.074 K/sec                  
    11,323,355,572      cycles                    #    0.015 GHz                    
     9,985,316,343      instructions              #    0.88  insn per cycle         
     1,909,623,465      branches                  #    2.536 M/sec                  
        42,522,635      branch-misses             #    2.23% of all branches        

      11.769370555 seconds time elapsed


--------------------------------------------------------------------------------
server to client (Docker NAT), started at Tue May 11 11:26:02 EDT 2021
11223.6630 MB /  10.00 sec = 9411.9953 Mbps 14 %TX 32 %RX 0 retrans 0.14 msRTT

--------------------------------------------------------------------------------
client to server (Docker NAT), started at Tue May 11 11:26:14 EDT 2021
11225.5266 MB /  10.00 sec = 9413.8000 Mbps 14 %TX 19 %RX 0 retrans 0.21 msRTT
# started on Tue May 11 11:26:14 2021


 Performance counter stats for 'system wide':

     757332.495252      cpu-clock (msec)          #   63.988 CPUs utilized          
            33,267      context-switches          #    0.044 K/sec                  
               396      cpu-migrations            #    0.001 K/sec                  
            56,026      page-faults               #    0.074 K/sec                  
    11,437,941,910      cycles                    #    0.015 GHz                    
    10,050,102,278      instructions              #    0.88  insn per cycle         
     1,924,129,771      branches                  #    2.541 M/sec                  
        42,295,398      branch-misses             #    2.20% of all branches        

      11.835537728 seconds time elapsed


--------------------------------------------------------------------------------
server to client (Docker NAT), started at Tue May 11 11:26:26 EDT 2021
11224.2500 MB /  10.00 sec = 9412.3878 Mbps 15 %TX 32 %RX 0 retrans 0.21 msRTT

--------------------------------------------------------------------------------
client to server (Docker NAT), started at Tue May 11 11:26:38 EDT 2021
11220.9375 MB /  10.00 sec = 9409.9581 Mbps 13 %TX 32 %RX 0 retrans 0.20 msRTT
# started on Tue May 11 11:26:38 2021


 Performance counter stats for 'system wide':

     759848.197592      cpu-clock (msec)          #   63.983 CPUs utilized          
            33,122      context-switches          #    0.044 K/sec                  
               337      cpu-migrations            #    0.000 K/sec                  
            56,242      page-faults               #    0.074 K/sec                  
    11,300,436,109      cycles                    #    0.015 GHz                    
    10,136,148,658      instructions              #    0.90  insn per cycle         
     1,949,504,555      branches                  #    2.566 M/sec                  
        41,708,401      branch-misses             #    2.14% of all branches        

      11.875696332 seconds time elapsed


--------------------------------------------------------------------------------
server to client (Docker NAT), started at Tue May 11 11:26:50 EDT 2021
11225.4243 MB /  10.00 sec = 9413.4977 Mbps 15 %TX 31 %RX 0 retrans 0.13 msRTT

--------------------------------------------------------------------------------
client to server (Docker NAT), started at Tue May 11 11:27:02 EDT 2021
11225.8223 MB /  10.00 sec = 9414.0903 Mbps 15 %TX 31 %RX 0 retrans 0.21 msRTT
# started on Tue May 11 11:27:02 2021


 Performance counter stats for 'system wide':

     757620.274947      cpu-clock (msec)          #   63.987 CPUs utilized          
            32,450      context-switches          #    0.043 K/sec                  
               286      cpu-migrations            #    0.000 K/sec                  
            55,891      page-faults               #    0.074 K/sec                  
    11,077,775,290      cycles                    #    0.015 GHz                    
     9,899,312,322      instructions              #    0.89  insn per cycle         
     1,892,337,338      branches                  #    2.498 M/sec                  
        42,153,330      branch-misses             #    2.23% of all branches        

      11.840131964 seconds time elapsed


--------------------------------------------------------------------------------
server to client (Docker NAT), started at Tue May 11 11:27:14 EDT 2021
11226.5042 MB /  10.00 sec = 9413.4802 Mbps 16 %TX 19 %RX 0 retrans 0.19 msRTT

--------------------------------------------------------------------------------
client to server (Docker NAT), started at Tue May 11 11:27:26 EDT 2021
11225.4375 MB /  10.00 sec = 9413.7431 Mbps 14 %TX 32 %RX 0 retrans 0.15 msRTT
# started on Tue May 11 11:27:26 2021


 Performance counter stats for 'system wide':

     767036.159151      cpu-clock (msec)          #   63.979 CPUs utilized          
            32,667      context-switches          #    0.043 K/sec                  
               314      cpu-migrations            #    0.000 K/sec                  
            55,855      page-faults               #    0.073 K/sec                  
    11,260,120,707      cycles                    #    0.015 GHz                    
    10,006,414,183      instructions              #    0.89  insn per cycle         
     1,917,094,203      branches                  #    2.499 M/sec                  
        41,741,670      branch-misses             #    2.18% of all branches        

      11.988785235 seconds time elapsed


--------------------------------------------------------------------------------
server to client (Docker NAT), started at Tue May 11 11:27:38 EDT 2021
11225.1750 MB /  10.00 sec = 9413.3790 Mbps 14 %TX 14 %RX 0 retrans 0.15 msRTT

